<?xml version="1.0" encoding="UTF-8" standalone="yes"?><!DOCTYPE report PUBLIC "-//JACOCO//DTD Report 1.1//EN" "report.dtd"><report name="demo"><sessioninfo id="MacBookPro.lan-293e9bf5" start="1719684365177" dump="1719684365609"/><sessioninfo id="MacBookPro.lan-a1ec5547" start="1719684369348" dump="1719684369758"/><sessioninfo id="MacBookPro.lan-681dd024" start="1719687417184" dump="1719687417602"/><sessioninfo id="MacBookPro.lan-4a9c4ef1" start="1719687607557" dump="1719687608007"/><sessioninfo id="MacBookPro.lan-8dd9b65b" start="1719688201552" dump="1719688201977"/><sessioninfo id="MacBookPro.lan-579a4ac3" start="1719688303216" dump="1719688303620"/><sessioninfo id="MacBookPro.lan-278e17c2" start="1719688443578" dump="1719688444022"/><sessioninfo id="MacBookPro.lan-fef60135" start="1719688497439" dump="1719688497875"/><sessioninfo id="MacBookPro.lan-7c1bd4c7" start="1719688521570" dump="1719688521987"/><sessioninfo id="MacBookPro.lan-460e008b" start="1719688608156" dump="1719688608598"/><sessioninfo id="MacBookPro.lan-8613aae0" start="1719688656085" dump="1719688656500"/><sessioninfo id="MacBookPro.lan-3ca9c8a8" start="1719688680582" dump="1719688681043"/><sessioninfo id="MacBookPro.lan-9d73b62e" start="1719688693600" dump="1719688694011"/><sessioninfo id="MacBookPro.lan-2bdf96ba" start="1719688982304" dump="1719688982750"/><sessioninfo id="MacBookPro.lan-f64f5046" start="1719689008824" dump="1719689009235"/><sessioninfo id="MacBookPro.lan-998882c3" start="1719689025799" dump="1719689026224"/><sessioninfo id="MacBookPro.lan-f2116867" start="1719689085399" dump="1719689085828"/><sessioninfo id="MacBookPro.lan-999ea49b" start="1719689105667" dump="1719689106124"/><sessioninfo id="MacBookPro.lan-3b1bca18" start="1719689155431" dump="1719689155839"/><sessioninfo id="MacBookPro.lan-f45fccf" start="1719689191437" dump="1719689191900"/><sessioninfo id="MacBookPro.lan-a9514c0b" start="1719689212495" dump="1719689212910"/><sessioninfo id="MacBookPro.lan-fa6bfc19" start="1719689378669" dump="1719689379097"/><sessioninfo id="MacBookPro.lan-6d74cd50" start="1719689384067" dump="1719689384495"/><sessioninfo id="MacBookPro.lan-79ec00df" start="1719689387955" dump="1719689388374"/><sessioninfo id="MacBookPro.lan-1a90cc45" start="1719689393966" dump="1719689394378"/><sessioninfo id="MacBookPro.lan-cfbb2fa6" start="1719689538612" dump="1719689539065"/><sessioninfo id="MacBookPro.lan-14809bb2" start="1719689543409" dump="1719689543865"/><sessioninfo id="MacBookPro.lan-38389c2f" start="1719689684211" dump="1719689684661"/><sessioninfo id="MacBookPro.lan-59560488" start="1719689689338" dump="1719689689768"/><sessioninfo id="MacBookPro.lan-33a5cea0" start="1719689713552" dump="1719689714013"/><sessioninfo id="MacBookPro.lan-832f8522" start="1719689723432" dump="1719689723831"/><sessioninfo id="MacBookPro.lan-2b40c29b" start="1719689727613" dump="1719689728075"/><sessioninfo id="MacBookPro.lan-fbcbe3c9" start="1719689801540" dump="1719689801981"/><sessioninfo id="MacBookPro.lan-6b7bbdc1" start="1719689821012" dump="1719689821462"/><sessioninfo id="MacBookPro.lan-fb44b248" start="1719689825997" dump="1719689826417"/><sessioninfo id="MacBookPro.lan-94d4c4b4" start="1719689833684" dump="1719689834096"/><sessioninfo id="MacBookPro.lan-6e00a92d" start="1719690044533" dump="1719690044977"/><sessioninfo id="MacBookPro.lan-1838b294" start="1719690049914" dump="1719690050341"/><sessioninfo id="MacBookPro.lan-8d1adc08" start="1719690053773" dump="1719690054191"/><sessioninfo id="MacBookPro.lan-3c5f1d34" start="1719690057955" dump="1719690058371"/><sessioninfo id="MacBookPro.lan-557b9e81" start="1719690062176" dump="1719690062601"/><sessioninfo id="MacBookPro.lan-b5705bd3" start="1719690662802" dump="1719690663271"/><sessioninfo id="MacBookPro.lan-a5b37286" start="1719690667813" dump="1719690668222"/><sessioninfo id="MacBookPro.lan-43bc6faa" start="1719690672129" dump="1719690672543"/><sessioninfo id="MacBookPro.lan-20793c9d" start="1719690675943" dump="1719690676371"/><sessioninfo id="MacBookPro.lan-65411e75" start="1719690680382" dump="1719690680825"/><sessioninfo id="MacBookPro.lan-f97ba80a" start="1719713600192" dump="1719713600635"/><sessioninfo id="MacBookPro.lan-97475a5e" start="1719713635106" dump="1719713635564"/><sessioninfo id="MacBookPro.lan-c75c1009" start="1719713646680" dump="1719713647091"/><sessioninfo id="MacBookPro.lan-bc41469c" start="1719713706434" dump="1719713706860"/><sessioninfo id="MacBookPro.lan-9948c832" start="1719713766951" dump="1719713767365"/><sessioninfo id="MacBookPro.lan-8b5a869" start="1719713787288" dump="1719713787694"/><sessioninfo id="MacBookPro.lan-b704bcf1" start="1719713801672" dump="1719713802085"/><sessioninfo id="MacBookPro.lan-baab6ce4" start="1719713845199" dump="1719713845625"/><sessioninfo id="MacBookPro.lan-924aa751" start="1719713870277" dump="1719713870728"/><package name="com/example"><class name="com/example/Calculator" sourcefilename="Calculator.java"><method name="&lt;init&gt;" desc="()V" line="3"><counter type="INSTRUCTION" missed="0" covered="3"/><counter type="LINE" missed="0" covered="1"/><counter type="COMPLEXITY" missed="0" covered="1"/><counter type="METHOD" missed="0" covered="1"/></method><method name="add" desc="(DD)D" line="7"><counter type="INSTRUCTION" missed="0" covered="4"/><counter type="LINE" missed="0" covered="1"/><counter type="COMPLEXITY" missed="0" covered="1"/><counter type="METHOD" missed="0" covered="1"/></method><method name="subtract" desc="(DD)D" line="12"><counter type="INSTRUCTION" missed="0" covered="4"/><counter type="LINE" missed="0" covered="1"/><counter type="COMPLEXITY" missed="0" covered="1"/><counter type="METHOD" missed="0" covered="1"/></method><method name="multiply" desc="(DD)D" line="17"><counter type="INSTRUCTION" missed="0" covered="4"/><counter type="LINE" missed="0" covered="1"/><counter type="COMPLEXITY" missed="0" covered="1"/><counter type="METHOD" missed="0" covered="1"/></method><method name="divide" desc="(DD)D" line="22"><counter type="INSTRUCTION" missed="0" covered="13"/><counter type="BRANCH" missed="0" covered="2"/><counter type="LINE" missed="0" covered="3"/><counter type="COMPLEXITY" missed="0" covered="2"/><counter type="METHOD" missed="0" covered="1"/></method><method name="main" desc="([Ljava/lang/String;)V" line="29"><counter type="INSTRUCTION" missed="37" covered="0"/><counter type="LINE" missed="8" covered="0"/><counter type="COMPLEXITY" missed="1" covered="0"/><counter type="METHOD" missed="1" covered="0"/></method><counter type="INSTRUCTION" missed="37" covered="28"/><counter type="BRANCH" missed="0" covered="2"/><counter type="LINE" missed="8" covered="7"/><counter type="COMPLEXITY" missed="1" covered="6"/><counter type="METHOD" missed="1" covered="5"/><counter type="CLASS" missed="0" covered="1"/></class><class name="com/example/Main" sourcefilename="Main.java"><method name="&lt;init&gt;" desc="()V" line="3"><counter type="INSTRUCTION" missed="3" covered="0"/><counter type="LINE" missed="1" covered="0"/><counter type="COMPLEXITY" missed="1" covered="0"/><counter type="METHOD" missed="1" covered="0"/></method><method name="main" desc="([Ljava/lang/String;)V" line="5"><counter type="INSTRUCTION" missed="4" covered="0"/><counter type="LINE" missed="2" covered="0"/><counter type="COMPLEXITY" missed="1" covered="0"/><counter type="METHOD" missed="1" covered="0"/></method><counter type="INSTRUCTION" missed="7" covered="0"/><counter type="LINE" missed="3" covered="0"/><counter type="COMPLEXITY" missed="2" covered="0"/><counter type="METHOD" missed="2" covered="0"/><counter type="CLASS" missed="1" covered="0"/></class><sourcefile name="Calculator.java"><line nr="3" mi="0" ci="3" mb="0" cb="0"/><line nr="7" mi="0" ci="4" mb="0" cb="0"/><line nr="12" mi="0" ci="4" mb="0" cb="0"/><line nr="17" mi="0" ci="4" mb="0" cb="0"/><line nr="22" mi="0" ci="4" mb="0" cb="2"/><line nr="23" mi="0" ci="5" mb="0" cb="0"/><line nr="25" mi="0" ci="4" mb="0" cb="0"/><line nr="29" mi="4" ci="0" mb="0" cb="0"/><line nr="32" mi="2" ci="0" mb="0" cb="0"/><line nr="33" mi="2" ci="0" mb="0" cb="0"/><line nr="35" mi="7" ci="0" mb="0" cb="0"/><line nr="36" mi="7" ci="0" mb="0" cb="0"/><line nr="37" mi="7" ci="0" mb="0" cb="0"/><line nr="38" mi="7" ci="0" mb="0" cb="0"/><line nr="39" mi="1" ci="0" mb="0" cb="0"/><counter type="INSTRUCTION" missed="37" covered="28"/><counter type="BRANCH" missed="0" covered="2"/><counter type="LINE" missed="8" covered="7"/><counter type="COMPLEXITY" missed="1" covered="6"/><counter type="METHOD" missed="1" covered="5"/><counter type="CLASS" missed="0" covered="1"/></sourcefile><sourcefile name="Main.java"><line nr="3" mi="3" ci="0" mb="0" cb="0"/><line nr="5" mi="3" ci="0" mb="0" cb="0"/><line nr="6" mi="1" ci="0" mb="0" cb="0"/><counter type="INSTRUCTION" missed="7" covered="0"/><counter type="LINE" missed="3" covered="0"/><counter type="COMPLEXITY" missed="2" covered="0"/><counter type="METHOD" missed="2" covered="0"/><counter type="CLASS" missed="1" covered="0"/></sourcefile><counter type="INSTRUCTION" missed="44" covered="28"/><counter type="BRANCH" missed="0" covered="2"/><counter type="LINE" missed="11" covered="7"/><counter type="COMPLEXITY" missed="3" covered="6"/><counter type="METHOD" missed="3" covered="5"/><counter type="CLASS" missed="1" covered="1"/></package><counter type="INSTRUCTION" missed="44" covered="28"/><counter type="BRANCH" missed="0" covered="2"/><counter type="LINE" missed="11" covered="7"/><counter type="COMPLEXITY" missed="3" covered="6"/><counter type="METHOD" missed="3" covered="5"/><counter type="CLASS" missed="1" covered="1"/></report>